/Users/kencheng/Library/Python/3.9/lib/python/site-packages/urllib3/__init__.py:35: NotOpenSSLWarning: urllib3 v2 only supports OpenSSL 1.1.1+, currently the 'ssl' module is compiled with 'LibreSSL 2.8.3'. See: https://github.com/urllib3/urllib3/issues/3020
  warnings.warn(
Loaded 46 scenarios
API Key: OK
[1/46] ✅ s1 → /Users/kencheng/workspace/friendly-classroom-v2/assets/images/scenarios/s1.png
[2/46] ✅ s2 → /Users/kencheng/workspace/friendly-classroom-v2/assets/images/scenarios/s2.png
[3/46] ✅ s3 → /Users/kencheng/workspace/friendly-classroom-v2/assets/images/scenarios/s3.png
[4/46] ✅ s4 → /Users/kencheng/workspace/friendly-classroom-v2/assets/images/scenarios/s4.png
[5/46] ✅ s5 → /Users/kencheng/workspace/friendly-classroom-v2/assets/images/scenarios/s5.png
[6/46] ✅ s6 → /Users/kencheng/workspace/friendly-classroom-v2/assets/images/scenarios/s6.png
[7/46] ✅ s7 → /Users/kencheng/workspace/friendly-classroom-v2/assets/images/scenarios/s7.png
[8/46] ✅ s8 → /Users/kencheng/workspace/friendly-classroom-v2/assets/images/scenarios/s8.png
[9/46] ✅ s-c2 → /Users/kencheng/workspace/friendly-classroom-v2/assets/images/scenarios/s-c2.png
[10/46] ✅ s-b1 → /Users/kencheng/workspace/friendly-classroom-v2/assets/images/scenarios/s-b1.png
[11/46] ✅ s-h1 → /Users/kencheng/workspace/friendly-classroom-v2/assets/images/scenarios/s-h1.png
[12/46] ✅ s-h2 → /Users/kencheng/workspace/friendly-classroom-v2/assets/images/scenarios/s-h2.png
[13/46] ✅ s-h3 → /Users/kencheng/workspace/friendly-classroom-v2/assets/images/scenarios/s-h3.png
[14/46] ✅ s-h5 → /Users/kencheng/workspace/friendly-classroom-v2/assets/images/scenarios/s-h5.png
[15/46] ✅ s-b3 → /Users/kencheng/workspace/friendly-classroom-v2/assets/images/scenarios/s-b3.png
[16/46] ✅ s-b4 → /Users/kencheng/workspace/friendly-classroom-v2/assets/images/scenarios/s-b4.png
[17/46] ✅ s-c3 → /Users/kencheng/workspace/friendly-classroom-v2/assets/images/scenarios/s-c3.png
[18/46] ✅ s-c4 → /Users/kencheng/workspace/friendly-classroom-v2/assets/images/scenarios/s-c4.png
[19/46] ✅ s-c5 → /Users/kencheng/workspace/friendly-classroom-v2/assets/images/scenarios/s-c5.png
[20/46] ✅ s-c6 → /Users/kencheng/workspace/friendly-classroom-v2/assets/images/scenarios/s-c6.png
[21/46] ✅ s-c7 → /Users/kencheng/workspace/friendly-classroom-v2/assets/images/scenarios/s-c7.png
[22/46] ✅ s-c8 → /Users/kencheng/workspace/friendly-classroom-v2/assets/images/scenarios/s-c8.png
[23/46] ✅ s-c9 → /Users/kencheng/workspace/friendly-classroom-v2/assets/images/scenarios/s-c9.png
[24/46] ✅ s-door1 → /Users/kencheng/workspace/friendly-classroom-v2/assets/images/scenarios/s-door1.png
[25/46] ✅ s-door2 → /Users/kencheng/workspace/friendly-classroom-v2/assets/images/scenarios/s-door2.png
[26/46] ✅ s-door3 → /Users/kencheng/workspace/friendly-classroom-v2/assets/images/scenarios/s-door3.png
[27/46] ✅ s-door4 → /Users/kencheng/workspace/friendly-classroom-v2/assets/images/scenarios/s-door4.png
[28/46] ✅ s-door6 → /Users/kencheng/workspace/friendly-classroom-v2/assets/images/scenarios/s-door6.png
[29/46] ✅ s-new1 → /Users/kencheng/workspace/friendly-classroom-v2/assets/images/scenarios/s-new1.png
[30/46] ✅ s-new2 → /Users/kencheng/workspace/friendly-classroom-v2/assets/images/scenarios/s-new2.png
[31/46] ✅ s-new4 → /Users/kencheng/workspace/friendly-classroom-v2/assets/images/scenarios/s-new4.png
[32/46] ✅ s-new5 → /Users/kencheng/workspace/friendly-classroom-v2/assets/images/scenarios/s-new5.png
[33/46] ✅ s-new6 → /Users/kencheng/workspace/friendly-classroom-v2/assets/images/scenarios/s-new6.png
[34/46] ✅ s-new8 → /Users/kencheng/workspace/friendly-classroom-v2/assets/images/scenarios/s-new8.png
[35/46] ✅ s-new9 → /Users/kencheng/workspace/friendly-classroom-v2/assets/images/scenarios/s-new9.png
[36/46] ✅ s-new10 → /Users/kencheng/workspace/friendly-classroom-v2/assets/images/scenarios/s-new10.png
[37/46] ✅ s-new11 → /Users/kencheng/workspace/friendly-classroom-v2/assets/images/scenarios/s-new11.png
[38/46] ✅ s-new12 → /Users/kencheng/workspace/friendly-classroom-v2/assets/images/scenarios/s-new12.png
[39/46] ✅ s-new13 → /Users/kencheng/workspace/friendly-classroom-v2/assets/images/scenarios/s-new13.png
[40/46] ✅ s-new15 → /Users/kencheng/workspace/friendly-classroom-v2/assets/images/scenarios/s-new15.png
[41/46] ✅ s-new16 → /Users/kencheng/workspace/friendly-classroom-v2/assets/images/scenarios/s-new16.png
[42/46] ✅ s-new17 → /Users/kencheng/workspace/friendly-classroom-v2/assets/images/scenarios/s-new17.png
[43/46] ✅ s-new18 → /Users/kencheng/workspace/friendly-classroom-v2/assets/images/scenarios/s-new18.png
[44/46] ✅ s-new19 → /Users/kencheng/workspace/friendly-classroom-v2/assets/images/scenarios/s-new19.png
[45/46] ✅ s-new20 → /Users/kencheng/workspace/friendly-classroom-v2/assets/images/scenarios/s-new20.png
[46/46] ✅ s-new22 → /Users/kencheng/workspace/friendly-classroom-v2/assets/images/scenarios/s-new22.png

=== SUMMARY ===
OK: 46
SKIPPED: 0
ERRORS: 0
